ARM GAS  C:\Users\Teodor\AppData\Local\Temp\ccU6tanT.s 			page 1


   1              		.cpu cortex-m4
   2              		.arch armv7e-m
   3              		.fpu fpv4-sp-d16
   4              		.eabi_attribute 27, 1
   5              		.eabi_attribute 28, 1
   6              		.eabi_attribute 20, 1
   7              		.eabi_attribute 21, 1
   8              		.eabi_attribute 23, 3
   9              		.eabi_attribute 24, 1
  10              		.eabi_attribute 25, 1
  11              		.eabi_attribute 26, 1
  12              		.eabi_attribute 30, 1
  13              		.eabi_attribute 34, 1
  14              		.eabi_attribute 18, 4
  15              		.file	"RTC.c"
  16              		.text
  17              	.Ltext0:
  18              		.cfi_sections	.debug_frame
  19              		.section	.text.RTC_Init,"ax",%progbits
  20              		.align	1
  21              		.global	RTC_Init
  22              		.syntax unified
  23              		.thumb
  24              		.thumb_func
  26              	RTC_Init:
  27              	.LFB130:
  28              		.file 1 "Drivers/RTC/RTC.c"
   1:Drivers/RTC/RTC.c **** #include "RTC.h"
   2:Drivers/RTC/RTC.c **** 
   3:Drivers/RTC/RTC.c **** 
   4:Drivers/RTC/RTC.c **** 
   5:Drivers/RTC/RTC.c **** void RTC_Init(void)
   6:Drivers/RTC/RTC.c **** {
  29              		.loc 1 6 1 view -0
  30              		.cfi_startproc
  31              		@ args = 0, pretend = 0, frame = 0
  32              		@ frame_needed = 0, uses_anonymous_args = 0
  33              		@ link register save eliminated.
   7:Drivers/RTC/RTC.c **** 	PWR -> CR |= PWR_CR_DBP;
  34              		.loc 1 7 2 view .LVU1
  35              		.loc 1 7 12 is_stmt 0 view .LVU2
  36 0000 164A     		ldr	r2, .L3
  37 0002 1368     		ldr	r3, [r2]
  38 0004 43F48073 		orr	r3, r3, #256
  39 0008 1360     		str	r3, [r2]
   8:Drivers/RTC/RTC.c **** 	RCC -> CFGR |= 25 << 16;
  40              		.loc 1 8 2 is_stmt 1 view .LVU3
  41              		.loc 1 8 14 is_stmt 0 view .LVU4
  42 000a 154B     		ldr	r3, .L3+4
  43 000c 9A68     		ldr	r2, [r3, #8]
  44 000e 42F4C812 		orr	r2, r2, #1638400
  45 0012 9A60     		str	r2, [r3, #8]
   9:Drivers/RTC/RTC.c **** 	RCC -> BDCR |= RCC_BDCR_RTCSEL;
  46              		.loc 1 9 2 is_stmt 1 view .LVU5
  47              		.loc 1 9 14 is_stmt 0 view .LVU6
  48 0014 1A6F     		ldr	r2, [r3, #112]
  49 0016 42F44072 		orr	r2, r2, #768
ARM GAS  C:\Users\Teodor\AppData\Local\Temp\ccU6tanT.s 			page 2


  50 001a 1A67     		str	r2, [r3, #112]
  10:Drivers/RTC/RTC.c **** 	RCC -> BDCR |= RCC_BDCR_RTCEN;
  51              		.loc 1 10 2 is_stmt 1 view .LVU7
  52              		.loc 1 10 14 is_stmt 0 view .LVU8
  53 001c 1A6F     		ldr	r2, [r3, #112]
  54 001e 42F40042 		orr	r2, r2, #32768
  55 0022 1A67     		str	r2, [r3, #112]
  11:Drivers/RTC/RTC.c **** 	RTC -> WPR = 0xCA;
  56              		.loc 1 11 2 is_stmt 1 view .LVU9
  57              		.loc 1 11 13 is_stmt 0 view .LVU10
  58 0024 A3F50433 		sub	r3, r3, #135168
  59 0028 CA22     		movs	r2, #202
  60 002a 5A62     		str	r2, [r3, #36]
  12:Drivers/RTC/RTC.c **** 	RTC -> WPR = 0x53; //DISABLE RTC WRITE PROTECT
  61              		.loc 1 12 2 is_stmt 1 view .LVU11
  62              		.loc 1 12 13 is_stmt 0 view .LVU12
  63 002c 5322     		movs	r2, #83
  64 002e 5A62     		str	r2, [r3, #36]
  13:Drivers/RTC/RTC.c **** 	RTC -> ISR |= RTC_ISR_INIT; //INITIALIZE RTC
  65              		.loc 1 13 2 is_stmt 1 view .LVU13
  66              		.loc 1 13 13 is_stmt 0 view .LVU14
  67 0030 DA68     		ldr	r2, [r3, #12]
  68 0032 42F08002 		orr	r2, r2, #128
  69 0036 DA60     		str	r2, [r3, #12]
  14:Drivers/RTC/RTC.c **** 	while(!(RTC -> ISR & RTC_ISR_INITF)); //WAIT
  70              		.loc 1 14 2 is_stmt 1 view .LVU15
  71              	.L2:
  72              		.loc 1 14 38 discriminator 1 view .LVU16
  73              		.loc 1 14 7 discriminator 1 view .LVU17
  74              		.loc 1 14 14 is_stmt 0 discriminator 1 view .LVU18
  75 0038 0A4B     		ldr	r3, .L3+8
  76 003a DB68     		ldr	r3, [r3, #12]
  77              		.loc 1 14 7 discriminator 1 view .LVU19
  78 003c 13F0400F 		tst	r3, #64
  79 0040 FAD0     		beq	.L2
  15:Drivers/RTC/RTC.c **** 	RTC -> PRER = 0x00000000;
  80              		.loc 1 15 2 is_stmt 1 view .LVU20
  81              		.loc 1 15 14 is_stmt 0 view .LVU21
  82 0042 084A     		ldr	r2, .L3+8
  83 0044 0023     		movs	r3, #0
  84 0046 1361     		str	r3, [r2, #16]
  16:Drivers/RTC/RTC.c **** 	RTC -> PRER = 0x7C << 16;
  85              		.loc 1 16 2 is_stmt 1 view .LVU22
  86              		.loc 1 16 14 is_stmt 0 view .LVU23
  87 0048 4FF4F803 		mov	r3, #8126464
  88 004c 1361     		str	r3, [r2, #16]
  17:Drivers/RTC/RTC.c **** 	RTC -> PRER |= 0x1F3F << 0;
  89              		.loc 1 17 2 is_stmt 1 view .LVU24
  90              		.loc 1 17 14 is_stmt 0 view .LVU25
  91 004e 1369     		ldr	r3, [r2, #16]
  92 0050 43F4F953 		orr	r3, r3, #7968
  93 0054 43F01F03 		orr	r3, r3, #31
  94 0058 1361     		str	r3, [r2, #16]
  18:Drivers/RTC/RTC.c **** }
  95              		.loc 1 18 1 view .LVU26
  96 005a 7047     		bx	lr
  97              	.L4:
ARM GAS  C:\Users\Teodor\AppData\Local\Temp\ccU6tanT.s 			page 3


  98              		.align	2
  99              	.L3:
 100 005c 00700040 		.word	1073770496
 101 0060 00380240 		.word	1073887232
 102 0064 00280040 		.word	1073752064
 103              		.cfi_endproc
 104              	.LFE130:
 106              		.section	.text.RTC_Set_Time,"ax",%progbits
 107              		.align	1
 108              		.global	RTC_Set_Time
 109              		.syntax unified
 110              		.thumb
 111              		.thumb_func
 113              	RTC_Set_Time:
 114              	.LVL0:
 115              	.LFB131:
  19:Drivers/RTC/RTC.c **** 
  20:Drivers/RTC/RTC.c **** void RTC_Set_Time(RTC_Time *T, int time_format)
  21:Drivers/RTC/RTC.c **** {
 116              		.loc 1 21 1 is_stmt 1 view -0
 117              		.cfi_startproc
 118              		@ args = 0, pretend = 0, frame = 0
 119              		@ frame_needed = 0, uses_anonymous_args = 0
 120              		.loc 1 21 1 is_stmt 0 view .LVU28
 121 0000 30B5     		push	{r4, r5, lr}
 122              	.LCFI0:
 123              		.cfi_def_cfa_offset 12
 124              		.cfi_offset 4, -12
 125              		.cfi_offset 5, -8
 126              		.cfi_offset 14, -4
  22:Drivers/RTC/RTC.c **** 	int ht,hu,mt,mu,st,su;
 127              		.loc 1 22 2 is_stmt 1 view .LVU29
  23:Drivers/RTC/RTC.c **** 	uint32_t t;
 128              		.loc 1 23 2 view .LVU30
  24:Drivers/RTC/RTC.c **** 	ht = T->hour / 10;
 129              		.loc 1 24 2 view .LVU31
 130              		.loc 1 24 8 is_stmt 0 view .LVU32
 131 0002 4268     		ldr	r2, [r0, #4]
 132              		.loc 1 24 5 view .LVU33
 133 0004 1549     		ldr	r1, .L7
 134              	.LVL1:
 135              		.loc 1 24 5 view .LVU34
 136 0006 81FB0235 		smull	r3, r5, r1, r2
 137 000a D317     		asrs	r3, r2, #31
 138 000c C3EBA505 		rsb	r5, r3, r5, asr #2
 139              	.LVL2:
  25:Drivers/RTC/RTC.c **** 	hu = T->hour % 10;
 140              		.loc 1 25 2 is_stmt 1 view .LVU35
 141              		.loc 1 25 5 is_stmt 0 view .LVU36
 142 0010 05EB8503 		add	r3, r5, r5, lsl #2
 143 0014 A2EB430C 		sub	ip, r2, r3, lsl #1
 144              	.LVL3:
  26:Drivers/RTC/RTC.c **** 	mt = T->min / 10;
 145              		.loc 1 26 2 is_stmt 1 view .LVU37
 146              		.loc 1 26 8 is_stmt 0 view .LVU38
 147 0018 8268     		ldr	r2, [r0, #8]
 148              		.loc 1 26 5 view .LVU39
ARM GAS  C:\Users\Teodor\AppData\Local\Temp\ccU6tanT.s 			page 4


 149 001a 81FB0234 		smull	r3, r4, r1, r2
 150 001e D317     		asrs	r3, r2, #31
 151 0020 C3EBA404 		rsb	r4, r3, r4, asr #2
 152              	.LVL4:
  27:Drivers/RTC/RTC.c **** 	mu = T->min % 10;
 153              		.loc 1 27 2 is_stmt 1 view .LVU40
 154              		.loc 1 27 5 is_stmt 0 view .LVU41
 155 0024 04EB8403 		add	r3, r4, r4, lsl #2
 156 0028 A2EB430E 		sub	lr, r2, r3, lsl #1
 157              	.LVL5:
  28:Drivers/RTC/RTC.c **** 	st = T->seconds / 10;
 158              		.loc 1 28 2 is_stmt 1 view .LVU42
 159              		.loc 1 28 8 is_stmt 0 view .LVU43
 160 002c C268     		ldr	r2, [r0, #12]
 161              		.loc 1 28 5 view .LVU44
 162 002e 81FB0230 		smull	r3, r0, r1, r2
 163              	.LVL6:
 164              		.loc 1 28 5 view .LVU45
 165 0032 D117     		asrs	r1, r2, #31
 166 0034 C1EBA001 		rsb	r1, r1, r0, asr #2
 167              	.LVL7:
  29:Drivers/RTC/RTC.c **** 	su = T->seconds % 10;
 168              		.loc 1 29 2 is_stmt 1 view .LVU46
 169              		.loc 1 29 5 is_stmt 0 view .LVU47
 170 0038 01EB8103 		add	r3, r1, r1, lsl #2
 171 003c A2EB4302 		sub	r2, r2, r3, lsl #1
 172              	.LVL8:
  30:Drivers/RTC/RTC.c **** 	t = ht << 20 | hu << 16 | mt << 12 | mu << 8 | st << 4 | su << 0;
 173              		.loc 1 30 2 is_stmt 1 view .LVU48
 174              		.loc 1 30 20 is_stmt 0 view .LVU49
 175 0040 4FEA0C43 		lsl	r3, ip, #16
 176              		.loc 1 30 15 view .LVU50
 177 0044 43EA0553 		orr	r3, r3, r5, lsl #20
 178              		.loc 1 30 26 view .LVU51
 179 0048 43EA0433 		orr	r3, r3, r4, lsl #12
 180              		.loc 1 30 37 view .LVU52
 181 004c 43EA0E23 		orr	r3, r3, lr, lsl #8
 182              		.loc 1 30 47 view .LVU53
 183 0050 43EA0113 		orr	r3, r3, r1, lsl #4
 184              		.loc 1 30 57 view .LVU54
 185 0054 1343     		orrs	r3, r3, r2
 186              	.LVL9:
  31:Drivers/RTC/RTC.c **** 	RTC -> TR = t ;// time
 187              		.loc 1 31 2 is_stmt 1 view .LVU55
 188              		.loc 1 31 12 is_stmt 0 view .LVU56
 189 0056 024A     		ldr	r2, .L7+4
 190              	.LVL10:
 191              		.loc 1 31 12 view .LVU57
 192 0058 1360     		str	r3, [r2]
 193              	.LVL11:
  32:Drivers/RTC/RTC.c **** }
 194              		.loc 1 32 1 view .LVU58
 195 005a 30BD     		pop	{r4, r5, pc}
 196              	.LVL12:
 197              	.L8:
 198              		.loc 1 32 1 view .LVU59
 199              		.align	2
ARM GAS  C:\Users\Teodor\AppData\Local\Temp\ccU6tanT.s 			page 5


 200              	.L7:
 201 005c 67666666 		.word	1717986919
 202 0060 00280040 		.word	1073752064
 203              		.cfi_endproc
 204              	.LFE131:
 206              		.section	.text.RTC_Set_Date,"ax",%progbits
 207              		.align	1
 208              		.global	RTC_Set_Date
 209              		.syntax unified
 210              		.thumb
 211              		.thumb_func
 213              	RTC_Set_Date:
 214              	.LVL13:
 215              	.LFB132:
  33:Drivers/RTC/RTC.c **** 
  34:Drivers/RTC/RTC.c **** 
  35:Drivers/RTC/RTC.c **** void RTC_Set_Date(RTC_Date *D)
  36:Drivers/RTC/RTC.c **** {
 216              		.loc 1 36 1 is_stmt 1 view -0
 217              		.cfi_startproc
 218              		@ args = 0, pretend = 0, frame = 0
 219              		@ frame_needed = 0, uses_anonymous_args = 0
 220              		.loc 1 36 1 is_stmt 0 view .LVU61
 221 0000 70B5     		push	{r4, r5, r6, lr}
 222              	.LCFI1:
 223              		.cfi_def_cfa_offset 16
 224              		.cfi_offset 4, -16
 225              		.cfi_offset 5, -12
 226              		.cfi_offset 6, -8
 227              		.cfi_offset 14, -4
  37:Drivers/RTC/RTC.c **** 	int yt,yu,wd,mt,mu,dt,du;
 228              		.loc 1 37 2 is_stmt 1 view .LVU62
  38:Drivers/RTC/RTC.c **** 	uint32_t d;
 229              		.loc 1 38 2 view .LVU63
  39:Drivers/RTC/RTC.c **** 	D->year = D -> year - 2000;
 230              		.loc 1 39 2 view .LVU64
 231              		.loc 1 39 14 is_stmt 0 view .LVU65
 232 0002 8268     		ldr	r2, [r0, #8]
 233              		.loc 1 39 22 view .LVU66
 234 0004 A2F5FA62 		sub	r2, r2, #2000
 235              		.loc 1 39 10 view .LVU67
 236 0008 8260     		str	r2, [r0, #8]
  40:Drivers/RTC/RTC.c **** 	yt = D->year / 10;
 237              		.loc 1 40 2 is_stmt 1 view .LVU68
 238              		.loc 1 40 5 is_stmt 0 view .LVU69
 239 000a 174D     		ldr	r5, .L11
 240 000c 85FB0234 		smull	r3, r4, r5, r2
 241 0010 D317     		asrs	r3, r2, #31
 242 0012 C3EBA404 		rsb	r4, r3, r4, asr #2
 243              	.LVL14:
  41:Drivers/RTC/RTC.c **** 	yu = D->year % 10;
 244              		.loc 1 41 2 is_stmt 1 view .LVU70
 245              		.loc 1 41 5 is_stmt 0 view .LVU71
 246 0016 04EB8403 		add	r3, r4, r4, lsl #2
 247 001a A2EB4302 		sub	r2, r2, r3, lsl #1
 248              	.LVL15:
  42:Drivers/RTC/RTC.c **** 
ARM GAS  C:\Users\Teodor\AppData\Local\Temp\ccU6tanT.s 			page 6


  43:Drivers/RTC/RTC.c **** 	wd = D->week_day;
 249              		.loc 1 43 2 is_stmt 1 view .LVU72
 250              		.loc 1 43 5 is_stmt 0 view .LVU73
 251 001e C668     		ldr	r6, [r0, #12]
 252              	.LVL16:
  44:Drivers/RTC/RTC.c **** 
  45:Drivers/RTC/RTC.c **** 	mt = D->month / 10;
 253              		.loc 1 45 2 is_stmt 1 view .LVU74
 254              		.loc 1 45 8 is_stmt 0 view .LVU75
 255 0020 4168     		ldr	r1, [r0, #4]
 256              		.loc 1 45 5 view .LVU76
 257 0022 85FB013E 		smull	r3, lr, r5, r1
 258 0026 CB17     		asrs	r3, r1, #31
 259 0028 C3EBAE0E 		rsb	lr, r3, lr, asr #2
 260              	.LVL17:
  46:Drivers/RTC/RTC.c **** 	mu = D->month % 10;
 261              		.loc 1 46 2 is_stmt 1 view .LVU77
 262              		.loc 1 46 5 is_stmt 0 view .LVU78
 263 002c 0EEB8E03 		add	r3, lr, lr, lsl #2
 264 0030 A1EB430C 		sub	ip, r1, r3, lsl #1
 265              	.LVL18:
  47:Drivers/RTC/RTC.c **** 
  48:Drivers/RTC/RTC.c **** 	dt = D->day / 10;
 266              		.loc 1 48 2 is_stmt 1 view .LVU79
 267              		.loc 1 48 8 is_stmt 0 view .LVU80
 268 0034 0168     		ldr	r1, [r0]
 269              		.loc 1 48 5 view .LVU81
 270 0036 85FB0103 		smull	r0, r3, r5, r1
 271              	.LVL19:
 272              		.loc 1 48 5 view .LVU82
 273 003a C817     		asrs	r0, r1, #31
 274 003c C0EBA300 		rsb	r0, r0, r3, asr #2
 275              	.LVL20:
  49:Drivers/RTC/RTC.c **** 	du = D->day % 10;
 276              		.loc 1 49 2 is_stmt 1 view .LVU83
 277              		.loc 1 49 5 is_stmt 0 view .LVU84
 278 0040 00EB8003 		add	r3, r0, r0, lsl #2
 279 0044 A1EB4301 		sub	r1, r1, r3, lsl #1
 280              	.LVL21:
  50:Drivers/RTC/RTC.c **** 
  51:Drivers/RTC/RTC.c **** 	d = yt << 20 | yu << 16 | wd << 13 | mt << 12 | mu << 8 | dt << 4 | du << 0;
 281              		.loc 1 51 2 is_stmt 1 view .LVU85
 282              		.loc 1 51 20 is_stmt 0 view .LVU86
 283 0048 1204     		lsls	r2, r2, #16
 284              	.LVL22:
 285              		.loc 1 51 15 view .LVU87
 286 004a 42EA0453 		orr	r3, r2, r4, lsl #20
 287              		.loc 1 51 26 view .LVU88
 288 004e 43EA4633 		orr	r3, r3, r6, lsl #13
 289              		.loc 1 51 37 view .LVU89
 290 0052 43EA0E33 		orr	r3, r3, lr, lsl #12
 291              		.loc 1 51 48 view .LVU90
 292 0056 43EA0C23 		orr	r3, r3, ip, lsl #8
 293              		.loc 1 51 58 view .LVU91
 294 005a 43EA0013 		orr	r3, r3, r0, lsl #4
 295              		.loc 1 51 68 view .LVU92
 296 005e 0B43     		orrs	r3, r3, r1
ARM GAS  C:\Users\Teodor\AppData\Local\Temp\ccU6tanT.s 			page 7


 297              	.LVL23:
  52:Drivers/RTC/RTC.c **** 	RTC -> DR = d ;// time
 298              		.loc 1 52 2 is_stmt 1 view .LVU93
 299              		.loc 1 52 12 is_stmt 0 view .LVU94
 300 0060 024A     		ldr	r2, .L11+4
 301 0062 5360     		str	r3, [r2, #4]
 302              	.LVL24:
  53:Drivers/RTC/RTC.c **** 
  54:Drivers/RTC/RTC.c **** }
 303              		.loc 1 54 1 view .LVU95
 304 0064 70BD     		pop	{r4, r5, r6, pc}
 305              	.LVL25:
 306              	.L12:
 307              		.loc 1 54 1 view .LVU96
 308 0066 00BF     		.align	2
 309              	.L11:
 310 0068 67666666 		.word	1717986919
 311 006c 00280040 		.word	1073752064
 312              		.cfi_endproc
 313              	.LFE132:
 315              		.section	.text.RTC_Start,"ax",%progbits
 316              		.align	1
 317              		.global	RTC_Start
 318              		.syntax unified
 319              		.thumb
 320              		.thumb_func
 322              	RTC_Start:
 323              	.LFB133:
  55:Drivers/RTC/RTC.c **** void RTC_Start(void)
  56:Drivers/RTC/RTC.c **** {
 324              		.loc 1 56 1 is_stmt 1 view -0
 325              		.cfi_startproc
 326              		@ args = 0, pretend = 0, frame = 0
 327              		@ frame_needed = 0, uses_anonymous_args = 0
 328              		@ link register save eliminated.
  57:Drivers/RTC/RTC.c **** 	RTC -> CR |= RTC_CR_FMT | RTC_CR_TSE; //Configure the time format
 329              		.loc 1 57 2 view .LVU98
 330              		.loc 1 57 12 is_stmt 0 view .LVU99
 331 0000 084B     		ldr	r3, .L14
 332 0002 9A68     		ldr	r2, [r3, #8]
 333 0004 42F40462 		orr	r2, r2, #2112
 334 0008 9A60     		str	r2, [r3, #8]
  58:Drivers/RTC/RTC.c **** 	RTC -> ISR &= ~RTC_ISR_INIT; //Exit initialization mode.
 335              		.loc 1 58 2 is_stmt 1 view .LVU100
 336              		.loc 1 58 13 is_stmt 0 view .LVU101
 337 000a DA68     		ldr	r2, [r3, #12]
 338 000c 22F08002 		bic	r2, r2, #128
 339 0010 DA60     		str	r2, [r3, #12]
  59:Drivers/RTC/RTC.c **** 	RTC -> WPR = 0xFF;
 340              		.loc 1 59 2 is_stmt 1 view .LVU102
 341              		.loc 1 59 13 is_stmt 0 view .LVU103
 342 0012 FF22     		movs	r2, #255
 343 0014 5A62     		str	r2, [r3, #36]
  60:Drivers/RTC/RTC.c **** 	PWR -> CR &= ~PWR_CR_DBP;
 344              		.loc 1 60 2 is_stmt 1 view .LVU104
 345              		.loc 1 60 12 is_stmt 0 view .LVU105
 346 0016 044A     		ldr	r2, .L14+4
ARM GAS  C:\Users\Teodor\AppData\Local\Temp\ccU6tanT.s 			page 8


 347 0018 1368     		ldr	r3, [r2]
 348 001a 23F48073 		bic	r3, r3, #256
 349 001e 1360     		str	r3, [r2]
  61:Drivers/RTC/RTC.c **** }
 350              		.loc 1 61 1 view .LVU106
 351 0020 7047     		bx	lr
 352              	.L15:
 353 0022 00BF     		.align	2
 354              	.L14:
 355 0024 00280040 		.word	1073752064
 356 0028 00700040 		.word	1073770496
 357              		.cfi_endproc
 358              	.LFE133:
 360              		.section	.text.RTC_Get_Time,"ax",%progbits
 361              		.align	1
 362              		.global	RTC_Get_Time
 363              		.syntax unified
 364              		.thumb
 365              		.thumb_func
 367              	RTC_Get_Time:
 368              	.LVL26:
 369              	.LFB134:
  62:Drivers/RTC/RTC.c **** 
  63:Drivers/RTC/RTC.c **** void RTC_Get_Time(RTC_Time *T)
  64:Drivers/RTC/RTC.c **** {
 370              		.loc 1 64 1 is_stmt 1 view -0
 371              		.cfi_startproc
 372              		@ args = 0, pretend = 0, frame = 0
 373              		@ frame_needed = 0, uses_anonymous_args = 0
 374              		.loc 1 64 1 is_stmt 0 view .LVU108
 375 0000 10B5     		push	{r4, lr}
 376              	.LCFI2:
 377              		.cfi_def_cfa_offset 8
 378              		.cfi_offset 4, -8
 379              		.cfi_offset 14, -4
  65:Drivers/RTC/RTC.c **** 	uint32_t t;
 380              		.loc 1 65 2 is_stmt 1 view .LVU109
  66:Drivers/RTC/RTC.c **** 	int hour_tens, hour_unit;
 381              		.loc 1 66 2 view .LVU110
  67:Drivers/RTC/RTC.c **** 	int mins_tens, mins_unit;
 382              		.loc 1 67 2 view .LVU111
  68:Drivers/RTC/RTC.c **** 	int second_tens, second_unit;
 383              		.loc 1 68 2 view .LVU112
  69:Drivers/RTC/RTC.c **** 	int seconds, mins, hour;
 384              		.loc 1 69 2 view .LVU113
  70:Drivers/RTC/RTC.c **** 
  71:Drivers/RTC/RTC.c **** 	t = RTC -> TR;
 385              		.loc 1 71 2 view .LVU114
 386              		.loc 1 71 4 is_stmt 0 view .LVU115
 387 0002 0F4B     		ldr	r3, .L18
 388 0004 1B68     		ldr	r3, [r3]
 389              	.LVL27:
  72:Drivers/RTC/RTC.c **** 	hour_tens = (t & 0x300000)>>20;
 390              		.loc 1 72 2 is_stmt 1 view .LVU116
 391              		.loc 1 72 12 is_stmt 0 view .LVU117
 392 0006 C3F3015C 		ubfx	ip, r3, #20, #2
 393              	.LVL28:
ARM GAS  C:\Users\Teodor\AppData\Local\Temp\ccU6tanT.s 			page 9


  73:Drivers/RTC/RTC.c **** 	hour_unit = (t & 0xF0000)>>16;
 394              		.loc 1 73 2 is_stmt 1 view .LVU118
 395              		.loc 1 73 12 is_stmt 0 view .LVU119
 396 000a C3F30344 		ubfx	r4, r3, #16, #4
 397              	.LVL29:
  74:Drivers/RTC/RTC.c **** 	mins_tens = (t & 0x7000)>>12;
 398              		.loc 1 74 2 is_stmt 1 view .LVU120
 399              		.loc 1 74 12 is_stmt 0 view .LVU121
 400 000e C3F30231 		ubfx	r1, r3, #12, #3
 401              	.LVL30:
  75:Drivers/RTC/RTC.c **** 	mins_unit = (t & 0xf00) >> 8;
 402              		.loc 1 75 2 is_stmt 1 view .LVU122
 403              		.loc 1 75 12 is_stmt 0 view .LVU123
 404 0012 C3F3032E 		ubfx	lr, r3, #8, #4
 405              	.LVL31:
  76:Drivers/RTC/RTC.c **** 	second_tens = (t & 0x70) >> 4;
 406              		.loc 1 76 2 is_stmt 1 view .LVU124
 407              		.loc 1 76 14 is_stmt 0 view .LVU125
 408 0016 C3F30212 		ubfx	r2, r3, #4, #3
 409              	.LVL32:
  77:Drivers/RTC/RTC.c **** 	second_unit = (t & 0xf);
 410              		.loc 1 77 2 is_stmt 1 view .LVU126
 411              		.loc 1 77 14 is_stmt 0 view .LVU127
 412 001a 03F00F03 		and	r3, r3, #15
 413              	.LVL33:
  78:Drivers/RTC/RTC.c **** 	hour = (hour_tens * 10) + hour_unit;
 414              		.loc 1 78 2 is_stmt 1 view .LVU128
 415              		.loc 1 78 20 is_stmt 0 view .LVU129
 416 001e 0CEB8C0C 		add	ip, ip, ip, lsl #2
 417              	.LVL34:
 418              		.loc 1 78 7 view .LVU130
 419 0022 04EB4C04 		add	r4, r4, ip, lsl #1
 420              	.LVL35:
  79:Drivers/RTC/RTC.c **** 	mins = (mins_tens * 10) + mins_unit;
 421              		.loc 1 79 2 is_stmt 1 view .LVU131
 422              		.loc 1 79 20 is_stmt 0 view .LVU132
 423 0026 01EB8101 		add	r1, r1, r1, lsl #2
 424              	.LVL36:
 425              		.loc 1 79 7 view .LVU133
 426 002a 0EEB4101 		add	r1, lr, r1, lsl #1
 427              	.LVL37:
  80:Drivers/RTC/RTC.c **** 	seconds = (second_tens * 10) + second_unit;
 428              		.loc 1 80 2 is_stmt 1 view .LVU134
 429              		.loc 1 80 25 is_stmt 0 view .LVU135
 430 002e 02EB8202 		add	r2, r2, r2, lsl #2
 431              	.LVL38:
 432              		.loc 1 80 10 view .LVU136
 433 0032 03EB4203 		add	r3, r3, r2, lsl #1
 434              	.LVL39:
  81:Drivers/RTC/RTC.c **** 	T->hour = hour;
 435              		.loc 1 81 2 is_stmt 1 view .LVU137
 436              		.loc 1 81 10 is_stmt 0 view .LVU138
 437 0036 4460     		str	r4, [r0, #4]
  82:Drivers/RTC/RTC.c **** 	T->min = mins;
 438              		.loc 1 82 2 is_stmt 1 view .LVU139
 439              		.loc 1 82 9 is_stmt 0 view .LVU140
 440 0038 8160     		str	r1, [r0, #8]
ARM GAS  C:\Users\Teodor\AppData\Local\Temp\ccU6tanT.s 			page 10


  83:Drivers/RTC/RTC.c **** 	T->seconds = seconds;
 441              		.loc 1 83 2 is_stmt 1 view .LVU141
 442              		.loc 1 83 13 is_stmt 0 view .LVU142
 443 003a C360     		str	r3, [r0, #12]
  84:Drivers/RTC/RTC.c **** }
 444              		.loc 1 84 1 view .LVU143
 445 003c 10BD     		pop	{r4, pc}
 446              	.LVL40:
 447              	.L19:
 448              		.loc 1 84 1 view .LVU144
 449 003e 00BF     		.align	2
 450              	.L18:
 451 0040 00280040 		.word	1073752064
 452              		.cfi_endproc
 453              	.LFE134:
 455              		.section	.text.RTC_Get_Date,"ax",%progbits
 456              		.align	1
 457              		.global	RTC_Get_Date
 458              		.syntax unified
 459              		.thumb
 460              		.thumb_func
 462              	RTC_Get_Date:
 463              	.LVL41:
 464              	.LFB135:
  85:Drivers/RTC/RTC.c **** 
  86:Drivers/RTC/RTC.c **** 
  87:Drivers/RTC/RTC.c **** 
  88:Drivers/RTC/RTC.c **** void RTC_Get_Date(RTC_Date *D)
  89:Drivers/RTC/RTC.c **** {
 465              		.loc 1 89 1 is_stmt 1 view -0
 466              		.cfi_startproc
 467              		@ args = 0, pretend = 0, frame = 0
 468              		@ frame_needed = 0, uses_anonymous_args = 0
 469              		@ link register save eliminated.
 470              		.loc 1 89 1 is_stmt 0 view .LVU146
 471 0000 10B4     		push	{r4}
 472              	.LCFI3:
 473              		.cfi_def_cfa_offset 4
 474              		.cfi_offset 4, -4
  90:Drivers/RTC/RTC.c **** 	uint32_t d;
 475              		.loc 1 90 2 is_stmt 1 view .LVU147
  91:Drivers/RTC/RTC.c **** 	int date, datet, dateu;
 476              		.loc 1 91 2 view .LVU148
  92:Drivers/RTC/RTC.c **** 	int month,montht,monthu;
 477              		.loc 1 92 2 view .LVU149
  93:Drivers/RTC/RTC.c **** 	int year,yeart,yearu;
 478              		.loc 1 93 2 view .LVU150
  94:Drivers/RTC/RTC.c **** 
  95:Drivers/RTC/RTC.c **** 	d = RTC -> DR;
 479              		.loc 1 95 2 view .LVU151
 480              		.loc 1 95 4 is_stmt 0 view .LVU152
 481 0002 114B     		ldr	r3, .L22
 482 0004 5A68     		ldr	r2, [r3, #4]
 483              	.LVL42:
  96:Drivers/RTC/RTC.c **** 
  97:Drivers/RTC/RTC.c **** 	yeart = (d & 0xf00000) >> 20;
 484              		.loc 1 97 2 is_stmt 1 view .LVU153
ARM GAS  C:\Users\Teodor\AppData\Local\Temp\ccU6tanT.s 			page 11


 485              		.loc 1 97 8 is_stmt 0 view .LVU154
 486 0006 C2F30353 		ubfx	r3, r2, #20, #4
 487              	.LVL43:
  98:Drivers/RTC/RTC.c **** 	yearu = (d & 0xf0000) >> 16;
 488              		.loc 1 98 2 is_stmt 1 view .LVU155
 489              		.loc 1 98 8 is_stmt 0 view .LVU156
 490 000a C2F30341 		ubfx	r1, r2, #16, #4
 491              	.LVL44:
  99:Drivers/RTC/RTC.c **** 	year = 2000 + (yeart * 10) + yearu;
 492              		.loc 1 99 2 is_stmt 1 view .LVU157
 493              		.loc 1 99 23 is_stmt 0 view .LVU158
 494 000e 03EB8303 		add	r3, r3, r3, lsl #2
 495              	.LVL45:
 496              		.loc 1 99 23 view .LVU159
 497 0012 5B00     		lsls	r3, r3, #1
 498              		.loc 1 99 14 view .LVU160
 499 0014 03F5FA63 		add	r3, r3, #2000
 500              		.loc 1 99 7 view .LVU161
 501 0018 0B44     		add	r3, r3, r1
 502              	.LVL46:
 100:Drivers/RTC/RTC.c **** 
 101:Drivers/RTC/RTC.c **** 	montht = (d & 0x1000) >> 12;
 503              		.loc 1 101 2 is_stmt 1 view .LVU162
 504              		.loc 1 101 9 is_stmt 0 view .LVU163
 505 001a C2F30031 		ubfx	r1, r2, #12, #1
 506              	.LVL47:
 102:Drivers/RTC/RTC.c **** 	monthu = (d & 0xf00) >> 8;
 507              		.loc 1 102 2 is_stmt 1 view .LVU164
 508              		.loc 1 102 9 is_stmt 0 view .LVU165
 509 001e C2F30324 		ubfx	r4, r2, #8, #4
 510              	.LVL48:
 103:Drivers/RTC/RTC.c **** 	month = (montht * 10) + monthu;
 511              		.loc 1 103 2 is_stmt 1 view .LVU166
 512              		.loc 1 103 18 is_stmt 0 view .LVU167
 513 0022 01EB8101 		add	r1, r1, r1, lsl #2
 514              	.LVL49:
 515              		.loc 1 103 8 view .LVU168
 516 0026 04EB4104 		add	r4, r4, r1, lsl #1
 517              	.LVL50:
 104:Drivers/RTC/RTC.c **** 
 105:Drivers/RTC/RTC.c **** 	datet = (d & 0x30) >> 4;
 518              		.loc 1 105 2 is_stmt 1 view .LVU169
 519              		.loc 1 105 8 is_stmt 0 view .LVU170
 520 002a C2F30111 		ubfx	r1, r2, #4, #2
 521              	.LVL51:
 106:Drivers/RTC/RTC.c **** 	dateu = (d & 0xf) >> 0;
 522              		.loc 1 106 2 is_stmt 1 view .LVU171
 523              		.loc 1 106 8 is_stmt 0 view .LVU172
 524 002e 02F00F02 		and	r2, r2, #15
 525              	.LVL52:
 107:Drivers/RTC/RTC.c **** 	date = (datet * 10) + dateu;
 526              		.loc 1 107 2 is_stmt 1 view .LVU173
 527              		.loc 1 107 16 is_stmt 0 view .LVU174
 528 0032 01EB8101 		add	r1, r1, r1, lsl #2
 529              	.LVL53:
 530              		.loc 1 107 7 view .LVU175
 531 0036 02EB4102 		add	r2, r2, r1, lsl #1
ARM GAS  C:\Users\Teodor\AppData\Local\Temp\ccU6tanT.s 			page 12


 532              	.LVL54:
 108:Drivers/RTC/RTC.c **** 
 109:Drivers/RTC/RTC.c **** D -> day = date;
 533              		.loc 1 109 1 is_stmt 1 view .LVU176
 534              		.loc 1 109 10 is_stmt 0 view .LVU177
 535 003a 0260     		str	r2, [r0]
 110:Drivers/RTC/RTC.c **** D -> month = month;
 536              		.loc 1 110 1 is_stmt 1 view .LVU178
 537              		.loc 1 110 12 is_stmt 0 view .LVU179
 538 003c 4460     		str	r4, [r0, #4]
 111:Drivers/RTC/RTC.c **** D -> year = year;
 539              		.loc 1 111 1 is_stmt 1 view .LVU180
 540              		.loc 1 111 11 is_stmt 0 view .LVU181
 541 003e 8360     		str	r3, [r0, #8]
 112:Drivers/RTC/RTC.c **** }
 542              		.loc 1 112 1 view .LVU182
 543 0040 5DF8044B 		ldr	r4, [sp], #4
 544              	.LCFI4:
 545              		.cfi_restore 4
 546              		.cfi_def_cfa_offset 0
 547              	.LVL55:
 548              		.loc 1 112 1 view .LVU183
 549 0044 7047     		bx	lr
 550              	.L23:
 551 0046 00BF     		.align	2
 552              	.L22:
 553 0048 00280040 		.word	1073752064
 554              		.cfi_endproc
 555              	.LFE135:
 557              		.text
 558              	.Letext0:
 559              		.file 2 "d:\\gnu_tools\\gnu arm embedded toolchain\\10 2021.10\\arm-none-eabi\\include\\machine\\_
 560              		.file 3 "d:\\gnu_tools\\gnu arm embedded toolchain\\10 2021.10\\arm-none-eabi\\include\\sys\\_stdi
 561              		.file 4 "Drivers/CMSIS/Device/ST/STM32F4xx/Include/stm32f401xc.h"
 562              		.file 5 "Drivers/RTC/RTC.h"
ARM GAS  C:\Users\Teodor\AppData\Local\Temp\ccU6tanT.s 			page 13


DEFINED SYMBOLS
                            *ABS*:00000000 RTC.c
C:\Users\Teodor\AppData\Local\Temp\ccU6tanT.s:20     .text.RTC_Init:00000000 $t
C:\Users\Teodor\AppData\Local\Temp\ccU6tanT.s:26     .text.RTC_Init:00000000 RTC_Init
C:\Users\Teodor\AppData\Local\Temp\ccU6tanT.s:100    .text.RTC_Init:0000005c $d
C:\Users\Teodor\AppData\Local\Temp\ccU6tanT.s:107    .text.RTC_Set_Time:00000000 $t
C:\Users\Teodor\AppData\Local\Temp\ccU6tanT.s:113    .text.RTC_Set_Time:00000000 RTC_Set_Time
C:\Users\Teodor\AppData\Local\Temp\ccU6tanT.s:201    .text.RTC_Set_Time:0000005c $d
C:\Users\Teodor\AppData\Local\Temp\ccU6tanT.s:207    .text.RTC_Set_Date:00000000 $t
C:\Users\Teodor\AppData\Local\Temp\ccU6tanT.s:213    .text.RTC_Set_Date:00000000 RTC_Set_Date
C:\Users\Teodor\AppData\Local\Temp\ccU6tanT.s:310    .text.RTC_Set_Date:00000068 $d
C:\Users\Teodor\AppData\Local\Temp\ccU6tanT.s:316    .text.RTC_Start:00000000 $t
C:\Users\Teodor\AppData\Local\Temp\ccU6tanT.s:322    .text.RTC_Start:00000000 RTC_Start
C:\Users\Teodor\AppData\Local\Temp\ccU6tanT.s:355    .text.RTC_Start:00000024 $d
C:\Users\Teodor\AppData\Local\Temp\ccU6tanT.s:361    .text.RTC_Get_Time:00000000 $t
C:\Users\Teodor\AppData\Local\Temp\ccU6tanT.s:367    .text.RTC_Get_Time:00000000 RTC_Get_Time
C:\Users\Teodor\AppData\Local\Temp\ccU6tanT.s:451    .text.RTC_Get_Time:00000040 $d
C:\Users\Teodor\AppData\Local\Temp\ccU6tanT.s:456    .text.RTC_Get_Date:00000000 $t
C:\Users\Teodor\AppData\Local\Temp\ccU6tanT.s:462    .text.RTC_Get_Date:00000000 RTC_Get_Date
C:\Users\Teodor\AppData\Local\Temp\ccU6tanT.s:553    .text.RTC_Get_Date:00000048 $d

NO UNDEFINED SYMBOLS
